\BOOKMARK [0][-]{chapter*.2}{\376\377\000S\000i\000m\000g\000e\000l\000e\000r\000\040\000v\000e\000\040\000K\001\061\000s\000a\000l\000t\000m\000a\000l\000a\000r}{}% 1
\BOOKMARK [0][-]{chapter.1}{\376\377\000G\000i\000r\000i\001\137}{}% 2
\BOOKMARK [1][-]{section.1.1}{\376\377\000\307\000a\000l\001\061\001\137\000m\000a\000n\001\061\000n\000\040\000\326\000n\000e\000m\000i\000\040\000v\000e\000\040\000G\000e\000r\000e\000k\000l\000i\000l\000i\001\037\000i}{chapter.1}% 3
\BOOKMARK [1][-]{section.1.2}{\376\377\000P\000r\000o\000b\000l\000e\000m\000\040\000T\000a\000n\001\061\000m\001\061}{chapter.1}% 4
\BOOKMARK [1][-]{section.1.3}{\376\377\000T\000e\000z\000i\000n\000\040\000A\000m\000a\000c\001\061}{chapter.1}% 5
\BOOKMARK [1][-]{section.1.4}{\376\377\000T\000e\000z\000i\000n\000\040\000K\000a\000p\000s\000a\000m\001\061}{chapter.1}% 6
\BOOKMARK [0][-]{chapter.2}{\376\377\000O\000t\000o\000n\000o\000m\000\040\000A\000r\000a\000\347\000l\000a\000r\000d\000a\000\040\000K\000o\000n\000u\000m\000l\000a\000n\000d\001\061\000r\000m\000a\000\040\000T\000e\000m\000e\000l\000l\000e\000r\000i}{}% 7
\BOOKMARK [1][-]{section.2.1}{\376\377\000O\000l\000a\000s\001\061\000l\001\061\000k\000s\000a\000l\000\040\000R\000o\000b\000o\000t\000i\000k\000\040\000v\000e\000\040\000D\000u\000r\000u\000m\000\040\000K\000e\000s\000t\000i\000r\000i\000m\000i}{chapter.2}% 8
\BOOKMARK [1][-]{section.2.2}{\376\377\000K\000u\000l\000l\000a\000n\001\061\000l\000a\000n\000\040\000S\000e\000n\000s\000\366\000r\000\040\000T\000e\000k\000n\000o\000l\000o\000j\000i\000l\000e\000r\000i}{chapter.2}% 9
\BOOKMARK [2][-]{subsection.2.2.1}{\376\377\000\326\000z\000-\000H\000a\000r\000e\000k\000e\000t\000\040\000A\000l\000g\001\061\000l\000a\000y\001\061\000c\001\061\000l\000a\000r\001\061\000\040\000\050\000P\000r\000o\000p\000r\000i\000o\000c\000e\000p\000t\000i\000v\000e\000\051}{section.2.2}% 10
\BOOKMARK [2][-]{subsection.2.2.2}{\376\377\000\307\000e\000v\000r\000e\000\040\000A\000l\000g\001\061\000l\000a\000y\001\061\000c\001\061\000l\000a\000r\001\061\000\040\000\050\000E\000x\000t\000e\000r\000o\000c\000e\000p\000t\000i\000v\000e\000\051}{section.2.2}% 11
\BOOKMARK [1][-]{section.2.3}{\376\377\000S\000e\000n\000s\000\366\000r\000\040\000F\000\374\000z\000y\000o\000n\000u\000\040\000v\000e\000\040\000K\000a\000l\000m\000a\000n\000\040\000F\000i\000l\000t\000r\000e\000s\000i}{chapter.2}% 12
\BOOKMARK [2][-]{subsection.2.3.1}{\376\377\000T\000a\000h\000m\000i\000n\000\040\000\050\000P\000r\000e\000d\000i\000c\000t\000i\000o\000n\000\040\000/\000\040\000T\000i\000m\000e\000\040\000U\000p\000d\000a\000t\000e\000\051}{section.2.3}% 13
\BOOKMARK [2][-]{subsection.2.3.2}{\376\377\000D\000\374\000z\000e\000l\000t\000m\000e\000\040\000\050\000C\000o\000r\000r\000e\000c\000t\000i\000o\000n\000\040\000/\000\040\000M\000e\000a\000s\000u\000r\000e\000m\000e\000n\000t\000\040\000U\000p\000d\000a\000t\000e\000\051}{section.2.3}% 14
\BOOKMARK [0][-]{chapter.3}{\376\377\000M\000a\000t\000e\000m\000a\000t\000i\000k\000s\000e\000l\000\040\000M\000o\000d\000e\000l\000\040\000v\000e\000\040\000S\000i\000s\000t\000e\000m\000\040\000M\000i\000m\000a\000r\000i\000s\000i}{}% 15
\BOOKMARK [1][-]{section.3.1}{\376\377\000P\000r\000o\000b\000l\000e\000m\000\040\000T\000a\000n\001\061\000m\001\061\000\040\000v\000e\000\040\000V\000a\000r\000s\000a\000y\001\061\000m\000l\000a\000r}{chapter.3}% 16
\BOOKMARK [1][-]{section.3.2}{\376\377\000A\000r\000a\000\347\000\040\000K\000i\000n\000e\000m\000a\000t\000i\000k\000\040\000M\000o\000d\000e\000l\000i}{chapter.3}% 17
\BOOKMARK [1][-]{section.3.3}{\376\377\000G\000\366\000r\000e\000c\000e\000l\000i\000\040\000\326\000l\000\347\000\374\000m\000\040\000M\000o\000d\000e\000l\000i}{chapter.3}% 18
\BOOKMARK [1][-]{section.3.4}{\376\377\000D\000a\001\037\001\061\000t\001\061\000k\000\040\001\060\000l\000e\000t\000i\001\137\000i\000m\000\040\000v\000e\000\040\000V\000e\000r\000i\000\040\000P\000a\000y\000l\000a\001\137\001\061\000m\000\040\000P\000r\000o\000t\000o\000k\000o\000l\000\374}{chapter.3}% 19
\BOOKMARK [0][-]{chapter.4}{\376\377\000L\000i\000t\000e\000r\000a\000t\000\374\000r\000\040\000T\000a\000r\000a\000m\000a\000s\001\061\000\040\000v\000e\000\040\000Y\000\366\000n\000t\000e\000m\000\040\000S\000e\000\347\000i\000m\000i}{}% 20
\BOOKMARK [1][-]{section.4.1}{\376\377\000L\000i\000t\000e\000r\000a\000t\000\374\000r\000\040\000T\000a\000r\000a\000m\000a\000s\001\061}{chapter.4}% 21
\BOOKMARK [2][-]{subsection.4.1.1}{\376\377\001\060\001\137\000b\000i\000r\000l\000i\000k\000l\000i\000\040\000K\000o\000n\000u\000m\000l\000a\000n\000d\001\061\000r\000m\000a\000\040\000\050\000C\000o\000o\000p\000e\000r\000a\000t\000i\000v\000e\000\040\000L\000o\000c\000a\000l\000i\000z\000a\000t\000i\000o\000n\000\051}{section.4.1}% 22
\BOOKMARK [2][-]{subsection.4.1.2}{\376\377\000M\000e\000r\000k\000e\000z\000i\000\040\000v\000e\000\040\000D\000a\001\037\001\061\000t\001\061\000k\000\040\000M\000i\000m\000a\000r\000i\000l\000e\000r}{section.4.1}% 23
\BOOKMARK [1][-]{section.4.2}{\376\377\000Y\000\366\000n\000t\000e\000m\000\040\000S\000e\000\347\000i\000m\000i\000:\000\040\000N\000e\000d\000e\000n\000\040\000U\000K\000F\000?}{chapter.4}% 24
\BOOKMARK [1][-]{section.4.3}{\376\377\000M\000a\000t\000e\000m\000a\000t\000i\000k\000s\000e\000l\000\040\000M\000o\000d\000e\000l\000:\000\040\000S\000e\000z\000g\000i\000s\000e\000l\000\040\000K\000a\000l\000m\000a\000n\000\040\000F\000i\000l\000t\000r\000e\000s\000i\000\040\000\050\000U\000K\000F\000\051}{chapter.4}% 25
\BOOKMARK [2][-]{subsection.4.3.1}{\376\377\000S\000i\000g\000m\000a\000\040\000N\000o\000k\000t\000a\000l\000a\000r\001\061\000n\001\061\000n\000\040\000S\000e\000\347\000i\000m\000i}{section.4.3}% 26
\BOOKMARK [2][-]{subsection.4.3.2}{\376\377\000T\000a\000h\000m\000i\000n\000\040\000\050\000P\000r\000e\000d\000i\000c\000t\000i\000o\000n\000\051\000\040\000A\000d\001\061\000m\001\061}{section.4.3}% 27
\BOOKMARK [2][-]{subsection.4.3.3}{\376\377\000D\000\374\000z\000e\000l\000t\000m\000e\000\040\000\050\000C\000o\000r\000r\000e\000c\000t\000i\000o\000n\000\040\000/\000\040\000U\000p\000d\000a\000t\000e\000\051\000\040\000A\000d\001\061\000m\001\061}{section.4.3}% 28
\BOOKMARK [1][-]{section.4.4}{\376\377\000D\000a\001\037\001\061\000t\001\061\000k\000\040\000V\000e\000r\000i\000\040\000F\000\374\000z\000y\000o\000n\000u\000:\000\040\000K\000o\000v\000a\000r\000y\000a\000n\000s\000\040\000K\000e\000s\000i\001\137\000i\000m\000i}{chapter.4}% 29
\BOOKMARK [0][-]{chapter.5}{\376\377\000S\000o\000n\000u\000\347\000\040\000v\000e\000\040\000G\000e\000l\000e\000c\000e\000k\000\040\000\307\000a\000l\001\061\001\137\000m\000a\000\040\000P\000l\000a\000n\001\061}{}% 30
\BOOKMARK [1][-]{section.5.1}{\376\377\000E\000l\000d\000e\000\040\000E\000d\000i\000l\000e\000n\000\040\000K\000a\000z\000a\000n\001\061\000m\000l\000a\000r}{chapter.5}% 31
\BOOKMARK [1][-]{section.5.2}{\376\377\000G\000e\000l\000e\000c\000e\000k\000\040\000\307\000a\000l\001\061\001\137\000m\000a\000\040\000P\000l\000a\000n\001\061\000\040\000\050\000B\000i\000t\000i\000r\000m\000e\000\040\000P\000r\000o\000j\000e\000s\000i\000\040\000I\000I\000\051}{chapter.5}% 32
\BOOKMARK [2][-]{subsection.5.2.1}{\376\377\000S\000i\000m\000\374\000l\000a\000s\000y\000o\000n\000\040\000O\000r\000t\000a\000m\001\061\000\040\000v\000e\000\040\000A\000r\000a\000\347\000l\000a\000r}{section.5.2}% 33
\BOOKMARK [2][-]{subsection.5.2.2}{\376\377\000A\001\137\000a\000m\000a\000l\001\061\000\040\000G\000e\000l\000i\001\137\000t\000i\000r\000m\000e\000\040\000S\000t\000r\000a\000t\000e\000j\000i\000s\000i}{section.5.2}% 34
